#
# There is insufficient memory for the Java Runtime Environment to continue.
# Native memory allocation (malloc) failed to allocate 65552 bytes. Error detail: Chunk::new
# Possible reasons:
#   The system is out of physical RAM or swap space
#   This process is running with CompressedOops enabled, and the Java Heap may be blocking the growth of the native heap
# Possible solutions:
#   Reduce memory load on the system
#   Increase physical memory or swap space
#   Check if swap backing store is full
#   Decrease Java heap size (-Xmx/-Xms)
#   Decrease number of Java threads
#   Decrease Java thread stack sizes (-Xss)
#   Set larger code cache with -XX:ReservedCodeCacheSize=
#   JVM is running with Unscaled Compressed Oops mode in which the Java heap is
#     placed in the first 4GB address space. The Java Heap base address is the
#     maximum limit for the native heap growth. Please use -XX:HeapBaseMinAddress
#     to set the Java Heap base and to place the Java Heap above 4GB virtual address.
# This output file may be truncated or incomplete.
#
#  Out of Memory Error (arena.cpp:191), pid=9840, tid=1352
#
# JRE version: OpenJDK Runtime Environment Temurin-17.0.13+11 (17.0.13+11) (build 17.0.13+11)
# Java VM: OpenJDK 64-Bit Server VM Temurin-17.0.13+11 (17.0.13+11, mixed mode, tiered, compressed oops, compressed class ptrs, parallel gc, windows-amd64)
# No core dump will be written. Minidumps are not enabled by default on client versions of Windows
#

---------------  S U M M A R Y ------------

Command Line: --add-modules=ALL-SYSTEM --add-opens=java.base/java.util=ALL-UNNAMED --add-opens=java.base/java.lang=ALL-UNNAMED --add-opens=java.base/sun.nio.fs=ALL-UNNAMED -Declipse.application=org.eclipse.jdt.ls.core.id1 -Dosgi.bundles.defaultStartLevel=4 -Declipse.product=org.eclipse.jdt.ls.core.product -Djava.import.generatesMetadataFilesAtProjectRoot=false -DDetectVMInstallationsJob.disabled=true -Dfile.encoding=utf8 -XX:+UseParallelGC -XX:GCTimeRatio=4 -XX:AdaptiveSizePolicyWeight=90 -Dsun.zip.disableMemoryMapping=true -Xmx1G -Xms100m -Xlog:disable -javaagent:c:\Users\Dell\.vscode\extensions\redhat.java-1.38.0-win32-x64\lombok\lombok-1.18.34.jar -XX:+HeapDumpOnOutOfMemoryError -XX:HeapDumpPath=c:\Users\Dell\AppData\Roaming\Code\User\workspaceStorage\5fe5e5e7afff64aa8c0ea3124ca2f074\redhat.java -Daether.dependencyCollector.impl=bf c:\Users\Dell\.vscode\extensions\redhat.java-1.38.0-win32-x64\server\plugins\org.eclipse.equinox.launcher_1.6.900.v20240613-2009.jar -configuration c:\Users\Dell\AppData\Roaming\Code\User\globalStorage\redhat.java\1.38.0\config_win -data c:\Users\Dell\AppData\Roaming\Code\User\workspaceStorage\5fe5e5e7afff64aa8c0ea3124ca2f074\redhat.java\jdt_ws --pipe=\\.\pipe\lsp-0aa011ff85ab120a676b4fcf3cdf02a9-sock

Host: Intel(R) Pentium(R) Silver N5030 CPU @ 1.10GHz, 4 cores, 3G,  Windows 10 , 64 bit Build 19041 (10.0.19041.5198)
Time: Fri Jan 17 17:59:08 2025 Sri Lanka Standard Time elapsed time: 48.150651 seconds (0d 0h 0m 48s)

---------------  T H R E A D  ---------------

Current thread (0x00000147711914e0):  JavaThread "C2 CompilerThread0" daemon [_thread_in_native, id=1352, stack(0x0000002749200000,0x0000002749300000)]


Current CompileTask:
C2:  48150 11805   !   4       org.eclipse.jdt.internal.core.builder.ClasspathMultiReleaseJar::findClass (219 bytes)

Stack: [0x0000002749200000,0x0000002749300000]
Native frames: (J=compiled Java code, j=interpreted, Vv=VM code, C=native code)
V  [jvm.dll+0x682a19]
V  [jvm.dll+0x839538]
V  [jvm.dll+0x83afe3]
V  [jvm.dll+0x83b653]
V  [jvm.dll+0x24704f]
V  [jvm.dll+0xace34]
V  [jvm.dll+0xad4cc]
V  [jvm.dll+0xba43d]
V  [jvm.dll+0x57924c]
V  [jvm.dll+0x577d1d]
V  [jvm.dll+0x5772ae]
V  [jvm.dll+0x577275]
V  [jvm.dll+0x5772c1]
V  [jvm.dll+0x5772c1]
V  [jvm.dll+0x5772c1]
V  [jvm.dll+0x5772c1]
V  [jvm.dll+0x5772c1]
V  [jvm.dll+0x5892bc]
V  [jvm.dll+0x220ea2]
V  [jvm.dll+0x219cd2]
V  [jvm.dll+0x21738b]
V  [jvm.dll+0x1a3070]
V  [jvm.dll+0x22788c]
V  [jvm.dll+0x2259eb]
V  [jvm.dll+0x7eec98]
V  [jvm.dll+0x7e8ffc]
V  [jvm.dll+0x6818f7]
C  [ucrtbase.dll+0x21bb2]
C  [KERNEL32.DLL+0x17374]
C  [ntdll.dll+0x4cc91]


---------------  P R O C E S S  ---------------

Threads class SMR info:
_java_thread_list=0x0000014779299a60, length=48, elements={
0x000001475d311740, 0x000001475d3cd710, 0x00000147711532c0, 0x0000014771189010,
0x0000014771189da0, 0x000001477118ab30, 0x000001477118e820, 0x00000147711914e0,
0x000001477636c8a0, 0x000001477636cdc0, 0x0000014776470c40, 0x000001477665c290,
0x0000014776e5fab0, 0x0000014777096b30, 0x00000147770f3550, 0x0000014776c1a7c0,
0x00000147770d5930, 0x0000014777193570, 0x00000147771949b0, 0x0000014777195df0,
0x0000014777193f90, 0x0000014777196300, 0x00000147771944a0, 0x00000147771958e0,
0x0000014777196810, 0x00000147771953d0, 0x0000014778832030, 0x000001477882fcc0,
0x000001477882cf30, 0x0000014778832540, 0x000001477882ed90, 0x000001477882f7b0,
0x0000014778832a50, 0x000001477882f2a0, 0x0000014778832f60, 0x000001477882d440,
0x0000014778831100, 0x000001477882ca20, 0x0000014778833980, 0x00000147788306e0,
0x0000014778831b20, 0x0000014778833470, 0x0000014778833e90, 0x00000147788343a0,
0x0000014777193a80, 0x000001477882de60, 0x0000014778830bf0, 0x000001477882e880
}

Java Threads: ( => current thread )
  0x000001475d311740 JavaThread "main" [_thread_blocked, id=13924, stack(0x0000002748900000,0x0000002748a00000)]
  0x000001475d3cd710 JavaThread "Reference Handler" daemon [_thread_blocked, id=1896, stack(0x0000002748c00000,0x0000002748d00000)]
  0x00000147711532c0 JavaThread "Finalizer" daemon [_thread_blocked, id=11308, stack(0x0000002748d00000,0x0000002748e00000)]
  0x0000014771189010 JavaThread "Signal Dispatcher" daemon [_thread_blocked, id=14976, stack(0x0000002748e00000,0x0000002748f00000)]
  0x0000014771189da0 JavaThread "Attach Listener" daemon [_thread_blocked, id=16000, stack(0x0000002748f00000,0x0000002749000000)]
  0x000001477118ab30 JavaThread "Service Thread" daemon [_thread_blocked, id=14076, stack(0x0000002749000000,0x0000002749100000)]
  0x000001477118e820 JavaThread "Monitor Deflation Thread" daemon [_thread_blocked, id=12040, stack(0x0000002749100000,0x0000002749200000)]
=>0x00000147711914e0 JavaThread "C2 CompilerThread0" daemon [_thread_in_native, id=1352, stack(0x0000002749200000,0x0000002749300000)]
  0x000001477636c8a0 JavaThread "C1 CompilerThread0" daemon [_thread_blocked, id=9744, stack(0x0000002749300000,0x0000002749400000)]
  0x000001477636cdc0 JavaThread "Sweeper thread" daemon [_thread_blocked, id=6328, stack(0x0000002749400000,0x0000002749500000)]
  0x0000014776470c40 JavaThread "Common-Cleaner" daemon [_thread_blocked, id=6332, stack(0x0000002749500000,0x0000002749600000)]
  0x000001477665c290 JavaThread "Notification Thread" daemon [_thread_blocked, id=11304, stack(0x0000002749600000,0x0000002749700000)]
  0x0000014776e5fab0 JavaThread "Active Thread: Equinox Container: f3671344-e929-4a23-af9c-e4b361b7254d" [_thread_blocked, id=13016, stack(0x0000002749b00000,0x0000002749c00000)]
  0x0000014777096b30 JavaThread "Refresh Thread: Equinox Container: f3671344-e929-4a23-af9c-e4b361b7254d" daemon [_thread_blocked, id=14752, stack(0x0000002749c00000,0x0000002749d00000)]
  0x00000147770f3550 JavaThread "Framework Event Dispatcher: Equinox Container: f3671344-e929-4a23-af9c-e4b361b7254d" daemon [_thread_blocked, id=13128, stack(0x0000002749d00000,0x0000002749e00000)]
  0x0000014776c1a7c0 JavaThread "Start Level: Equinox Container: f3671344-e929-4a23-af9c-e4b361b7254d" daemon [_thread_blocked, id=9252, stack(0x0000002749e00000,0x0000002749f00000)]
  0x00000147770d5930 JavaThread "Bundle File Closer" daemon [_thread_blocked, id=13044, stack(0x0000002749f00000,0x000000274a000000)]
  0x0000014777193570 JavaThread "SCR Component Actor" daemon [_thread_blocked, id=10876, stack(0x000000274a000000,0x000000274a100000)]
  0x00000147771949b0 JavaThread "Worker-JM" [_thread_blocked, id=6756, stack(0x000000274a200000,0x000000274a300000)]
  0x0000014777195df0 JavaThread "JNA Cleaner" daemon [_thread_blocked, id=12964, stack(0x000000274a300000,0x000000274a400000)]
  0x0000014777193f90 JavaThread "Worker-0" [_thread_blocked, id=5268, stack(0x000000274a400000,0x000000274a500000)]
  0x0000014777196300 JavaThread "Worker-1: Initialize workspace" [_thread_blocked, id=8080, stack(0x000000274a500000,0x000000274a600000)]
  0x00000147771944a0 JavaThread "Worker-2" [_thread_blocked, id=14052, stack(0x000000274a600000,0x000000274a700000)]
  0x00000147771958e0 JavaThread "Worker-3" [_thread_blocked, id=8620, stack(0x000000274a700000,0x000000274a800000)]
  0x0000014777196810 JavaThread "Java indexing" daemon [_thread_in_Java, id=10244, stack(0x000000274a800000,0x000000274a900000)]
  0x00000147771953d0 JavaThread "Thread-2" daemon [_thread_in_native, id=15996, stack(0x000000274ab00000,0x000000274ac00000)]
  0x0000014778832030 JavaThread "Thread-3" daemon [_thread_in_native, id=4136, stack(0x000000274ac00000,0x000000274ad00000)]
  0x000001477882fcc0 JavaThread "Thread-4" daemon [_thread_in_native, id=11132, stack(0x000000274ad00000,0x000000274ae00000)]
  0x000001477882cf30 JavaThread "Thread-5" daemon [_thread_in_native, id=8284, stack(0x000000274ae00000,0x000000274af00000)]
  0x0000014778832540 JavaThread "Thread-6" daemon [_thread_in_native, id=15176, stack(0x000000274af00000,0x000000274b000000)]
  0x000001477882ed90 JavaThread "pool-2-thread-1" [_thread_blocked, id=10396, stack(0x000000274b000000,0x000000274b100000)]
  0x000001477882f7b0 JavaThread "WorkspaceEventsHandler" [_thread_blocked, id=13828, stack(0x000000274a100000,0x000000274a200000)]
  0x0000014778832a50 JavaThread "pool-1-thread-1" [_thread_blocked, id=1172, stack(0x000000274b100000,0x000000274b200000)]
  0x000001477882f2a0 JavaThread "Worker-4: Java indexing... " [_thread_blocked, id=12856, stack(0x000000274b200000,0x000000274b300000)]
  0x0000014778832f60 JavaThread "Worker-5" [_thread_blocked, id=12128, stack(0x000000274b300000,0x000000274b400000)]
  0x000001477882d440 JavaThread "ForkJoinPool.commonPool-worker-1" daemon [_thread_blocked, id=13588, stack(0x000000274b400000,0x000000274b500000)]
  0x0000014778831100 JavaThread "LocalFile Deleter" daemon [_thread_blocked, id=2332, stack(0x000000274b500000,0x000000274b600000)]
  0x000001477882ca20 JavaThread "LocalFile Deleter" daemon [_thread_blocked, id=13216, stack(0x000000274b600000,0x000000274b700000)]
  0x0000014778833980 JavaThread "LocalFile Deleter" daemon [_thread_blocked, id=9756, stack(0x000000274b700000,0x000000274b800000)]
  0x00000147788306e0 JavaThread "LocalFile Deleter" daemon [_thread_blocked, id=13864, stack(0x000000274b800000,0x000000274b900000)]
  0x0000014778831b20 JavaThread "Compiler Source File Reader" daemon [_thread_blocked, id=740, stack(0x000000274b900000,0x000000274ba00000)]
  0x0000014778833470 JavaThread "Compiler Source File Reader" daemon [_thread_blocked, id=15660, stack(0x000000274ba00000,0x000000274bb00000)]
  0x0000014778833e90 JavaThread "Worker-6: Building" [_thread_blocked, id=7624, stack(0x000000274bb00000,0x000000274bc00000)]
  0x00000147788343a0 JavaThread "Worker-7" [_thread_blocked, id=10436, stack(0x000000274bc00000,0x000000274bd00000)]
  0x0000014777193a80 JavaThread "ForkJoinPool.commonPool-worker-2" daemon [_thread_blocked, id=6740, stack(0x000000274c200000,0x000000274c300000)]
  0x000001477882de60 JavaThread "Compiler Processing Task" daemon [_thread_in_vm, id=15028, stack(0x000000274bd00000,0x000000274be00000)]
  0x0000014778830bf0 JavaThread "Compiler Class File Writer" daemon [_thread_in_native, id=13616, stack(0x000000274be00000,0x000000274bf00000)]
  0x000001477882e880 JavaThread "Compiler Class File Writer" daemon [_thread_in_native, id=1792, stack(0x000000274bf00000,0x000000274c000000)]

Other Threads:
  0x000001475d3991f0 VMThread "VM Thread" [stack: 0x0000002748b00000,0x0000002748c00000] [id=9936]
  0x000001477665d030 WatcherThread [stack: 0x0000002749700000,0x0000002749800000] [id=11156]
  0x000001475d326130 GCTaskThread "GC Thread#0" [stack: 0x0000002748a00000,0x0000002748b00000] [id=2116]
  0x0000014776b71c50 GCTaskThread "GC Thread#1" [stack: 0x0000002749800000,0x0000002749900000] [id=6196]
  0x0000014776b6f210 GCTaskThread "GC Thread#2" [stack: 0x0000002749900000,0x0000002749a00000] [id=11716]
  0x0000014776b6f4d0 GCTaskThread "GC Thread#3" [stack: 0x0000002749a00000,0x0000002749b00000] [id=5936]

Threads with active compile tasks:
C2 CompilerThread0    48214 11805   !   4       org.eclipse.jdt.internal.core.builder.ClasspathMultiReleaseJar::findClass (219 bytes)
C1 CompilerThread0    48214 12175       2       org.eclipse.jdt.internal.compiler.lookup.ParameterizedTypeBinding::isEquivalentTo (279 bytes)

VM state: not at safepoint (normal execution)

VM Mutex/Monitor currently owned by a thread: None

Heap address: 0x00000000c0000000, size: 1024 MB, Compressed Oops mode: 32-bit

CDS archive(s) not mapped
Compressed class space mapped at: 0x0000000100000000-0x0000000140000000, reserved size: 1073741824
Narrow klass base: 0x0000000000000000, Narrow klass shift: 3, Narrow klass range: 0x140000000

GC Precious Log:
 CPUs: 4 total, 4 available
 Memory: 3901M
 Large Page Support: Disabled
 NUMA Support: Disabled
 Compressed Oops: Enabled (32-bit)
 Alignments: Space 512K, Generation 512K, Heap 2M
 Heap Min Capacity: 100M
 Heap Initial Capacity: 100M
 Heap Max Capacity: 1G
 Pre-touch: Disabled
 Parallel Workers: 4

Heap:
 PSYoungGen      total 15872K, used 14955K [0x00000000eab00000, 0x00000000ec000000, 0x0000000100000000)
  eden space 13312K, 95% used [0x00000000eab00000,0x00000000eb76f550,0x00000000eb800000)
  from space 2560K, 86% used [0x00000000ebd80000,0x00000000ebfaba68,0x00000000ec000000)
  to   space 3584K, 0% used [0x00000000eb900000,0x00000000eb900000,0x00000000ebc80000)
 ParOldGen       total 89600K, used 87577K [0x00000000c0000000, 0x00000000c5780000, 0x00000000eab00000)
  object space 89600K, 97% used [0x00000000c0000000,0x00000000c5586520,0x00000000c5780000)
 Metaspace       used 70009K, committed 71232K, reserved 1114112K
  class space    used 7254K, committed 7808K, reserved 1048576K

Card table byte_map: [0x000001475ccb0000,0x000001475cec0000] _byte_map_base: 0x000001475c6b0000

Marking Bits: (ParMarkBitMap*) 0x00007ffd71036940
 Begin Bits: [0x000001476efb0000, 0x000001476ffb0000)
 End Bits:   [0x000001476ffb0000, 0x0000014770fb0000)

Polling page: 0x000001475b1d0000

Metaspace:

Usage:
  Non-class:     61.28 MB used.
      Class:      7.08 MB used.
       Both:     68.37 MB used.

Virtual space:
  Non-class space:       64.00 MB reserved,      61.94 MB ( 97%) committed,  1 nodes.
      Class space:        1.00 GB reserved,       7.62 MB ( <1%) committed,  1 nodes.
             Both:        1.06 GB reserved,      69.56 MB (  6%) committed. 

Chunk freelists:
   Non-Class:  1.52 MB
       Class:  8.42 MB
        Both:  9.94 MB

MaxMetaspaceSize: unlimited
CompressedClassSpaceSize: 1.00 GB
Initial GC threshold: 21.00 MB
Current GC threshold: 109.06 MB
CDS: off
MetaspaceReclaimPolicy: balanced
 - commit_granule_bytes: 65536.
 - commit_granule_words: 8192.
 - virtual_space_node_default_size: 8388608.
 - enlarge_chunks_in_place: 1.
 - new_chunks_are_fully_committed: 0.
 - uncommit_free_chunks: 1.
 - use_allocation_guard: 0.
 - handle_deallocations: 1.


Internal statistics:

num_allocs_failed_limit: 11.
num_arena_births: 962.
num_arena_deaths: 14.
num_vsnodes_births: 2.
num_vsnodes_deaths: 0.
num_space_committed: 1113.
num_space_uncommitted: 0.
num_chunks_returned_to_freelist: 25.
num_chunks_taken_from_freelist: 4041.
num_chunk_merges: 15.
num_chunk_splits: 2415.
num_chunks_enlarged: 1244.
num_inconsistent_stats: 0.

CodeHeap 'non-profiled nmethods': size=120000Kb used=5435Kb max_used=5435Kb free=114564Kb
 bounds [0x0000014767a80000, 0x0000014767fd0000, 0x000001476efb0000]
CodeHeap 'profiled nmethods': size=120000Kb used=22547Kb max_used=22547Kb free=97452Kb
 bounds [0x000001475ffb0000, 0x00000147615c0000, 0x00000147674e0000]
CodeHeap 'non-nmethods': size=5760Kb used=1359Kb max_used=1424Kb free=4400Kb
 bounds [0x00000147674e0000, 0x0000014767750000, 0x0000014767a80000]
 total_blobs=11171 nmethods=10460 adapters=622
 compilation: enabled
              stopped_count=0, restarted_count=0
 full_count=0

Compilation events (20 events):
Event: 48.081 Thread 0x000001477636c8a0 12145       1       org.eclipse.jdt.internal.compiler.classfmt.ClassFileReader::getModule (5 bytes)
Event: 48.081 Thread 0x000001477636c8a0 nmethod 12145 0x0000014767fce610 code [0x0000014767fce7a0, 0x0000014767fce878]
Event: 48.081 Thread 0x000001477636c8a0 12147       2       org.eclipse.jdt.internal.compiler.lookup.UnresolvedReferenceBinding::resolve (281 bytes)
Event: 48.083 Thread 0x000001477636c8a0 nmethod 12147 0x00000147615a9690 code [0x00000147615a9900, 0x00000147615a9f48]
Event: 48.083 Thread 0x000001477636c8a0 12148       2       org.eclipse.jdt.internal.compiler.lookup.UnresolvedAnnotationBinding::getAnnotationType (9 bytes)
Event: 48.083 Thread 0x000001477636c8a0 nmethod 12148 0x00000147615aa410 code [0x00000147615aa5a0, 0x00000147615aa6c8]
Event: 48.083 Thread 0x000001477636c8a0 12149   !   2       org.eclipse.jdt.internal.compiler.lookup.UnresolvedAnnotationBinding::resolve (70 bytes)
Event: 48.084 Thread 0x000001477636c8a0 nmethod 12149 0x00000147615aa790 code [0x00000147615aa940, 0x00000147615aab48]
Event: 48.089 Thread 0x000001477636c8a0 12150       2       org.eclipse.jdt.internal.compiler.env.NameEnvironmentAnswer::<init> (20 bytes)
Event: 48.090 Thread 0x000001477636c8a0 nmethod 12150 0x00000147615aac90 code [0x00000147615aae20, 0x00000147615aaf58]
Event: 48.098 Thread 0x000001477636c8a0 12151       2       org.eclipse.core.runtime.SubMonitor::<init> (57 bytes)
Event: 48.098 Thread 0x000001477636c8a0 nmethod 12151 0x00000147615ab010 code [0x00000147615ab1a0, 0x00000147615ab2f8]
Event: 48.116 Thread 0x000001477636c8a0 12152       1       org.eclipse.jdt.ls.core.internal.handlers.WorkspaceExecuteCommandHandler$DelegateCommandHandlerDescriptor::getAllCommands (5 bytes)
Event: 48.116 Thread 0x000001477636c8a0 nmethod 12152 0x0000014767fce910 code [0x0000014767fceaa0, 0x0000014767fceb78]
Event: 48.125 Thread 0x000001477636c8a0 12153       2       java.util.regex.Pattern$BranchConn::study (5 bytes)
Event: 48.125 Thread 0x000001477636c8a0 nmethod 12153 0x00000147615ab390 code [0x00000147615ab520, 0x00000147615ab638]
Event: 48.133 Thread 0x000001477636c8a0 12154       3       org.eclipse.core.runtime.Path::removeTrailingSeparator (32 bytes)
Event: 48.134 Thread 0x000001477636c8a0 nmethod 12154 0x00000147615ab710 code [0x00000147615ab8c0, 0x00000147615abb88]
Event: 48.142 Thread 0x000001477636c8a0 12155       2       org.eclipse.core.runtime.jobs.Job::wakeUp (6 bytes)
Event: 48.142 Thread 0x000001477636c8a0 nmethod 12155 0x00000147615abc90 code [0x00000147615abe20, 0x00000147615abf48]

GC Heap History (20 events):
Event: 38.740 GC heap before
{Heap before GC invocations=60 (full 4):
 PSYoungGen      total 17920K, used 17610K [0x00000000eab00000, 0x00000000ebf00000, 0x0000000100000000)
  eden space 15872K, 100% used [0x00000000eab00000,0x00000000eba80000,0x00000000eba80000)
  from space 2048K, 84% used [0x00000000ebd00000,0x00000000ebeb2aa0,0x00000000ebf00000)
  to   space 2048K, 0% used [0x00000000ebb00000,0x00000000ebb00000,0x00000000ebd00000)
 ParOldGen       total 89600K, used 72107K [0x00000000c0000000, 0x00000000c5780000, 0x00000000eab00000)
  object space 89600K, 80% used [0x00000000c0000000,0x00000000c466afe0,0x00000000c5780000)
 Metaspace       used 67300K, committed 68544K, reserved 1114112K
  class space    used 7094K, committed 7616K, reserved 1048576K
}
Event: 38.747 GC heap after
{Heap after GC invocations=60 (full 4):
 PSYoungGen      total 17920K, used 2032K [0x00000000eab00000, 0x00000000ec480000, 0x0000000100000000)
  eden space 15872K, 0% used [0x00000000eab00000,0x00000000eab00000,0x00000000eba80000)
  from space 2048K, 99% used [0x00000000ebb00000,0x00000000ebcfc010,0x00000000ebd00000)
  to   space 5120K, 0% used [0x00000000ebf80000,0x00000000ebf80000,0x00000000ec480000)
 ParOldGen       total 89600K, used 74572K [0x00000000c0000000, 0x00000000c5780000, 0x00000000eab00000)
  object space 89600K, 83% used [0x00000000c0000000,0x00000000c48d3108,0x00000000c5780000)
 Metaspace       used 67300K, committed 68544K, reserved 1114112K
  class space    used 7094K, committed 7616K, reserved 1048576K
}
Event: 39.039 GC heap before
{Heap before GC invocations=61 (full 4):
 PSYoungGen      total 17920K, used 17904K [0x00000000eab00000, 0x00000000ec480000, 0x0000000100000000)
  eden space 15872K, 100% used [0x00000000eab00000,0x00000000eba80000,0x00000000eba80000)
  from space 2048K, 99% used [0x00000000ebb00000,0x00000000ebcfc010,0x00000000ebd00000)
  to   space 5120K, 0% used [0x00000000ebf80000,0x00000000ebf80000,0x00000000ec480000)
 ParOldGen       total 89600K, used 74572K [0x00000000c0000000, 0x00000000c5780000, 0x00000000eab00000)
  object space 89600K, 83% used [0x00000000c0000000,0x00000000c48d3108,0x00000000c5780000)
 Metaspace       used 67441K, committed 68672K, reserved 1114112K
  class space    used 7099K, committed 7616K, reserved 1048576K
}
Event: 39.046 GC heap after
{Heap after GC invocations=61 (full 4):
 PSYoungGen      total 17920K, used 1936K [0x00000000eab00000, 0x00000000ec180000, 0x0000000100000000)
  eden space 15872K, 0% used [0x00000000eab00000,0x00000000eab00000,0x00000000eba80000)
  from space 2048K, 94% used [0x00000000ebf80000,0x00000000ec164010,0x00000000ec180000)
  to   space 3072K, 0% used [0x00000000ebb80000,0x00000000ebb80000,0x00000000ebe80000)
 ParOldGen       total 89600K, used 75899K [0x00000000c0000000, 0x00000000c5780000, 0x00000000eab00000)
  object space 89600K, 84% used [0x00000000c0000000,0x00000000c4a1ec40,0x00000000c5780000)
 Metaspace       used 67441K, committed 68672K, reserved 1114112K
  class space    used 7099K, committed 7616K, reserved 1048576K
}
Event: 39.798 GC heap before
{Heap before GC invocations=62 (full 4):
 PSYoungGen      total 17920K, used 17808K [0x00000000eab00000, 0x00000000ec180000, 0x0000000100000000)
  eden space 15872K, 100% used [0x00000000eab00000,0x00000000eba80000,0x00000000eba80000)
  from space 2048K, 94% used [0x00000000ebf80000,0x00000000ec164010,0x00000000ec180000)
  to   space 3072K, 0% used [0x00000000ebb80000,0x00000000ebb80000,0x00000000ebe80000)
 ParOldGen       total 89600K, used 75899K [0x00000000c0000000, 0x00000000c5780000, 0x00000000eab00000)
  object space 89600K, 84% used [0x00000000c0000000,0x00000000c4a1ec40,0x00000000c5780000)
 Metaspace       used 67734K, committed 68928K, reserved 1114112K
  class space    used 7105K, committed 7616K, reserved 1048576K
}
Event: 39.804 GC heap after
{Heap after GC invocations=62 (full 4):
 PSYoungGen      total 17920K, used 1962K [0x00000000eab00000, 0x00000000ec000000, 0x0000000100000000)
  eden space 15872K, 0% used [0x00000000eab00000,0x00000000eab00000,0x00000000eba80000)
  from space 2048K, 95% used [0x00000000ebb80000,0x00000000ebd6aa30,0x00000000ebd80000)
  to   space 2560K, 0% used [0x00000000ebd80000,0x00000000ebd80000,0x00000000ec000000)
 ParOldGen       total 89600K, used 77503K [0x00000000c0000000, 0x00000000c5780000, 0x00000000eab00000)
  object space 89600K, 86% used [0x00000000c0000000,0x00000000c4bafc58,0x00000000c5780000)
 Metaspace       used 67734K, committed 68928K, reserved 1114112K
  class space    used 7105K, committed 7616K, reserved 1048576K
}
Event: 40.871 GC heap before
{Heap before GC invocations=63 (full 4):
 PSYoungGen      total 17920K, used 17828K [0x00000000eab00000, 0x00000000ec000000, 0x0000000100000000)
  eden space 15872K, 99% used [0x00000000eab00000,0x00000000eba7e670,0x00000000eba80000)
  from space 2048K, 95% used [0x00000000ebb80000,0x00000000ebd6aa30,0x00000000ebd80000)
  to   space 2560K, 0% used [0x00000000ebd80000,0x00000000ebd80000,0x00000000ec000000)
 ParOldGen       total 89600K, used 77503K [0x00000000c0000000, 0x00000000c5780000, 0x00000000eab00000)
  object space 89600K, 86% used [0x00000000c0000000,0x00000000c4bafc58,0x00000000c5780000)
 Metaspace       used 68331K, committed 69504K, reserved 1114112K
  class space    used 7155K, committed 7680K, reserved 1048576K
}
Event: 40.876 GC heap after
{Heap after GC invocations=63 (full 4):
 PSYoungGen      total 17920K, used 2541K [0x00000000eab00000, 0x00000000ec180000, 0x0000000100000000)
  eden space 15360K, 0% used [0x00000000eab00000,0x00000000eab00000,0x00000000eba00000)
  from space 2560K, 99% used [0x00000000ebd80000,0x00000000ebffb788,0x00000000ec000000)
  to   space 3584K, 0% used [0x00000000eba00000,0x00000000eba00000,0x00000000ebd80000)
 ParOldGen       total 89600K, used 77964K [0x00000000c0000000, 0x00000000c5780000, 0x00000000eab00000)
  object space 89600K, 87% used [0x00000000c0000000,0x00000000c4c23038,0x00000000c5780000)
 Metaspace       used 68331K, committed 69504K, reserved 1114112K
  class space    used 7155K, committed 7680K, reserved 1048576K
}
Event: 41.190 GC heap before
{Heap before GC invocations=64 (full 4):
 PSYoungGen      total 17920K, used 17901K [0x00000000eab00000, 0x00000000ec180000, 0x0000000100000000)
  eden space 15360K, 100% used [0x00000000eab00000,0x00000000eba00000,0x00000000eba00000)
  from space 2560K, 99% used [0x00000000ebd80000,0x00000000ebffb788,0x00000000ec000000)
  to   space 3584K, 0% used [0x00000000eba00000,0x00000000eba00000,0x00000000ebd80000)
 ParOldGen       total 89600K, used 77964K [0x00000000c0000000, 0x00000000c5780000, 0x00000000eab00000)
  object space 89600K, 87% used [0x00000000c0000000,0x00000000c4c23038,0x00000000c5780000)
 Metaspace       used 68745K, committed 69888K, reserved 1114112K
  class space    used 7197K, committed 7680K, reserved 1048576K
}
Event: 41.197 GC heap after
{Heap after GC invocations=64 (full 4):
 PSYoungGen      total 16896K, used 1112K [0x00000000eab00000, 0x00000000ebe00000, 0x0000000100000000)
  eden space 15360K, 0% used [0x00000000eab00000,0x00000000eab00000,0x00000000eba00000)
  from space 1536K, 72% used [0x00000000eba00000,0x00000000ebb16178,0x00000000ebb80000)
  to   space 2048K, 0% used [0x00000000ebc00000,0x00000000ebc00000,0x00000000ebe00000)
 ParOldGen       total 89600K, used 80109K [0x00000000c0000000, 0x00000000c5780000, 0x00000000eab00000)
  object space 89600K, 89% used [0x00000000c0000000,0x00000000c4e3b4d0,0x00000000c5780000)
 Metaspace       used 68745K, committed 69888K, reserved 1114112K
  class space    used 7197K, committed 7680K, reserved 1048576K
}
Event: 41.812 GC heap before
{Heap before GC invocations=65 (full 4):
 PSYoungGen      total 16896K, used 16472K [0x00000000eab00000, 0x00000000ebe00000, 0x0000000100000000)
  eden space 15360K, 100% used [0x00000000eab00000,0x00000000eba00000,0x00000000eba00000)
  from space 1536K, 72% used [0x00000000eba00000,0x00000000ebb16178,0x00000000ebb80000)
  to   space 2048K, 0% used [0x00000000ebc00000,0x00000000ebc00000,0x00000000ebe00000)
 ParOldGen       total 89600K, used 80109K [0x00000000c0000000, 0x00000000c5780000, 0x00000000eab00000)
  object space 89600K, 89% used [0x00000000c0000000,0x00000000c4e3b4d0,0x00000000c5780000)
 Metaspace       used 68843K, committed 70080K, reserved 1114112K
  class space    used 7199K, committed 7680K, reserved 1048576K
}
Event: 41.818 GC heap after
{Heap after GC invocations=65 (full 4):
 PSYoungGen      total 16896K, used 2027K [0x00000000eab00000, 0x00000000ebf00000, 0x0000000100000000)
  eden space 14848K, 0% used [0x00000000eab00000,0x00000000eab00000,0x00000000eb980000)
  from space 2048K, 98% used [0x00000000ebc00000,0x00000000ebdfad40,0x00000000ebe00000)
  to   space 2560K, 0% used [0x00000000eb980000,0x00000000eb980000,0x00000000ebc00000)
 ParOldGen       total 89600K, used 80125K [0x00000000c0000000, 0x00000000c5780000, 0x00000000eab00000)
  object space 89600K, 89% used [0x00000000c0000000,0x00000000c4e3f4d0,0x00000000c5780000)
 Metaspace       used 68843K, committed 70080K, reserved 1114112K
  class space    used 7199K, committed 7680K, reserved 1048576K
}
Event: 42.088 GC heap before
{Heap before GC invocations=66 (full 4):
 PSYoungGen      total 16896K, used 16875K [0x00000000eab00000, 0x00000000ebf00000, 0x0000000100000000)
  eden space 14848K, 100% used [0x00000000eab00000,0x00000000eb980000,0x00000000eb980000)
  from space 2048K, 98% used [0x00000000ebc00000,0x00000000ebdfad40,0x00000000ebe00000)
  to   space 2560K, 0% used [0x00000000eb980000,0x00000000eb980000,0x00000000ebc00000)
 ParOldGen       total 89600K, used 80125K [0x00000000c0000000, 0x00000000c5780000, 0x00000000eab00000)
  object space 89600K, 89% used [0x00000000c0000000,0x00000000c4e3f4d0,0x00000000c5780000)
 Metaspace       used 68880K, committed 70080K, reserved 1114112K
  class space    used 7199K, committed 7680K, reserved 1048576K
}
Event: 42.092 GC heap after
{Heap after GC invocations=66 (full 4):
 PSYoungGen      total 16384K, used 1095K [0x00000000eab00000, 0x00000000ebc80000, 0x0000000100000000)
  eden space 14848K, 0% used [0x00000000eab00000,0x00000000eab00000,0x00000000eb980000)
  from space 1536K, 71% used [0x00000000eb980000,0x00000000eba91e50,0x00000000ebb00000)
  to   space 1536K, 0% used [0x00000000ebb00000,0x00000000ebb00000,0x00000000ebc80000)
 ParOldGen       total 89600K, used 81588K [0x00000000c0000000, 0x00000000c5780000, 0x00000000eab00000)
  object space 89600K, 91% used [0x00000000c0000000,0x00000000c4fad160,0x00000000c5780000)
 Metaspace       used 68880K, committed 70080K, reserved 1114112K
  class space    used 7199K, committed 7680K, reserved 1048576K
}
Event: 43.725 GC heap before
{Heap before GC invocations=67 (full 4):
 PSYoungGen      total 16384K, used 15943K [0x00000000eab00000, 0x00000000ebc80000, 0x0000000100000000)
  eden space 14848K, 100% used [0x00000000eab00000,0x00000000eb980000,0x00000000eb980000)
  from space 1536K, 71% used [0x00000000eb980000,0x00000000eba91e50,0x00000000ebb00000)
  to   space 1536K, 0% used [0x00000000ebb00000,0x00000000ebb00000,0x00000000ebc80000)
 ParOldGen       total 89600K, used 81588K [0x00000000c0000000, 0x00000000c5780000, 0x00000000eab00000)
  object space 89600K, 91% used [0x00000000c0000000,0x00000000c4fad160,0x00000000c5780000)
 Metaspace       used 68979K, committed 70144K, reserved 1114112K
  class space    used 7200K, committed 7680K, reserved 1048576K
}
Event: 43.733 GC heap after
{Heap after GC invocations=67 (full 4):
 PSYoungGen      total 14848K, used 1522K [0x00000000eab00000, 0x00000000ebf80000, 0x0000000100000000)
  eden space 13312K, 0% used [0x00000000eab00000,0x00000000eab00000,0x00000000eb800000)
  from space 1536K, 99% used [0x00000000ebb00000,0x00000000ebc7ca30,0x00000000ebc80000)
  to   space 3072K, 0% used [0x00000000eb800000,0x00000000eb800000,0x00000000ebb00000)
 ParOldGen       total 89600K, used 82615K [0x00000000c0000000, 0x00000000c5780000, 0x00000000eab00000)
  object space 89600K, 92% used [0x00000000c0000000,0x00000000c50adcb8,0x00000000c5780000)
 Metaspace       used 68979K, committed 70144K, reserved 1114112K
  class space    used 7200K, committed 7680K, reserved 1048576K
}
Event: 45.072 GC heap before
{Heap before GC invocations=68 (full 4):
 PSYoungGen      total 14848K, used 14834K [0x00000000eab00000, 0x00000000ebf80000, 0x0000000100000000)
  eden space 13312K, 99% used [0x00000000eab00000,0x00000000eb7ffff0,0x00000000eb800000)
  from space 1536K, 99% used [0x00000000ebb00000,0x00000000ebc7ca30,0x00000000ebc80000)
  to   space 3072K, 0% used [0x00000000eb800000,0x00000000eb800000,0x00000000ebb00000)
 ParOldGen       total 89600K, used 82615K [0x00000000c0000000, 0x00000000c5780000, 0x00000000eab00000)
  object space 89600K, 92% used [0x00000000c0000000,0x00000000c50adcb8,0x00000000c5780000)
 Metaspace       used 69047K, committed 70208K, reserved 1114112K
  class space    used 7202K, committed 7680K, reserved 1048576K
}
Event: 45.077 GC heap after
{Heap after GC invocations=68 (full 4):
 PSYoungGen      total 16384K, used 3053K [0x00000000eab00000, 0x00000000ec300000, 0x0000000100000000)
  eden space 13312K, 0% used [0x00000000eab00000,0x00000000eab00000,0x00000000eb800000)
  from space 3072K, 99% used [0x00000000eb800000,0x00000000ebafb5a0,0x00000000ebb00000)
  to   space 5632K, 0% used [0x00000000ebd80000,0x00000000ebd80000,0x00000000ec300000)
 ParOldGen       total 89600K, used 84583K [0x00000000c0000000, 0x00000000c5780000, 0x00000000eab00000)
  object space 89600K, 94% used [0x00000000c0000000,0x00000000c5299df0,0x00000000c5780000)
 Metaspace       used 69047K, committed 70208K, reserved 1114112K
  class space    used 7202K, committed 7680K, reserved 1048576K
}
Event: 45.583 GC heap before
{Heap before GC invocations=69 (full 4):
 PSYoungGen      total 16384K, used 16365K [0x00000000eab00000, 0x00000000ec300000, 0x0000000100000000)
  eden space 13312K, 100% used [0x00000000eab00000,0x00000000eb800000,0x00000000eb800000)
  from space 3072K, 99% used [0x00000000eb800000,0x00000000ebafb5a0,0x00000000ebb00000)
  to   space 5632K, 0% used [0x00000000ebd80000,0x00000000ebd80000,0x00000000ec300000)
 ParOldGen       total 89600K, used 84583K [0x00000000c0000000, 0x00000000c5780000, 0x00000000eab00000)
  object space 89600K, 94% used [0x00000000c0000000,0x00000000c5299df0,0x00000000c5780000)
 Metaspace       used 69313K, committed 70464K, reserved 1114112K
  class space    used 7217K, committed 7744K, reserved 1048576K
}
Event: 45.592 GC heap after
{Heap after GC invocations=69 (full 4):
 PSYoungGen      total 15872K, used 2222K [0x00000000eab00000, 0x00000000ec000000, 0x0000000100000000)
  eden space 13312K, 0% used [0x00000000eab00000,0x00000000eab00000,0x00000000eb800000)
  from space 2560K, 86% used [0x00000000ebd80000,0x00000000ebfaba68,0x00000000ec000000)
  to   space 3584K, 0% used [0x00000000eb900000,0x00000000eb900000,0x00000000ebc80000)
 ParOldGen       total 89600K, used 87577K [0x00000000c0000000, 0x00000000c5780000, 0x00000000eab00000)
  object space 89600K, 97% used [0x00000000c0000000,0x00000000c5586520,0x00000000c5780000)
 Metaspace       used 69313K, committed 70464K, reserved 1114112K
  class space    used 7217K, committed 7744K, reserved 1048576K
}

Dll operation events (10 events):
Event: 0.021 Loaded shared library c:\Users\Dell\.vscode\extensions\redhat.java-1.38.0-win32-x64\jre\17.0.13-win32-x86_64\bin\java.dll
Event: 0.536 Loaded shared library c:\Users\Dell\.vscode\extensions\redhat.java-1.38.0-win32-x64\jre\17.0.13-win32-x86_64\bin\zip.dll
Event: 0.544 Loaded shared library C:\Users\Dell\.vscode\extensions\redhat.java-1.38.0-win32-x64\jre\17.0.13-win32-x86_64\bin\instrument.dll
Event: 0.566 Loaded shared library C:\Users\Dell\.vscode\extensions\redhat.java-1.38.0-win32-x64\jre\17.0.13-win32-x86_64\bin\net.dll
Event: 0.570 Loaded shared library C:\Users\Dell\.vscode\extensions\redhat.java-1.38.0-win32-x64\jre\17.0.13-win32-x86_64\bin\nio.dll
Event: 0.583 Loaded shared library C:\Users\Dell\.vscode\extensions\redhat.java-1.38.0-win32-x64\jre\17.0.13-win32-x86_64\bin\zip.dll
Event: 0.614 Loaded shared library C:\Users\Dell\.vscode\extensions\redhat.java-1.38.0-win32-x64\jre\17.0.13-win32-x86_64\bin\jimage.dll
Event: 0.751 Loaded shared library c:\Users\Dell\.vscode\extensions\redhat.java-1.38.0-win32-x64\jre\17.0.13-win32-x86_64\bin\verify.dll
Event: 2.817 Loaded shared library C:\Users\Dell\AppData\Roaming\Code\User\globalStorage\redhat.java\1.38.0\config_win\org.eclipse.equinox.launcher\org.eclipse.equinox.launcher.win32.win32.x86_64_1.2.1100.v20240722-2106\eclipse_11904.dll
Event: 7.068 Loaded shared library C:\Users\Dell\AppData\Local\Temp\jna-2126305\jna11504987547362016539.dll

Deoptimization events (20 events):
Event: 46.387 Thread 0x00000147771944a0 Uncommon trap: trap_request=0xffffffde fr.pc=0x0000014767bf48b0 relative=0x0000000000000190
Event: 46.387 Thread 0x00000147771944a0 Uncommon trap: reason=class_check action=maybe_recompile pc=0x0000014767bf48b0 method=java.util.Collections.eq(Ljava/lang/Object;Ljava/lang/Object;)Z @ 18 c2
Event: 46.387 Thread 0x00000147771944a0 DEOPT PACKING pc=0x0000014767bf48b0 sp=0x000000274a6fea40
Event: 46.387 Thread 0x00000147771944a0 DEOPT UNPACKING pc=0x000001476753669d sp=0x000000274a6fe980 mode 2
Event: 46.399 Thread 0x000001477882de60 Uncommon trap: trap_request=0xffffffc6 fr.pc=0x0000014767b85418 relative=0x0000000000000638
Event: 46.399 Thread 0x000001477882de60 Uncommon trap: reason=bimorphic_or_optimized_type_check action=maybe_recompile pc=0x0000014767b85418 method=java.util.HashMap.removeNode(ILjava/lang/Object;Ljava/lang/Object;ZZ)Ljava/util/HashMap$Node; @ 68 c2
Event: 46.399 Thread 0x000001477882de60 DEOPT PACKING pc=0x0000014767b85418 sp=0x000000274bdfe600
Event: 46.399 Thread 0x000001477882de60 DEOPT UNPACKING pc=0x000001476753669d sp=0x000000274bdfe578 mode 2
Event: 46.407 Thread 0x000001477882de60 Uncommon trap: trap_request=0xffffffc6 fr.pc=0x0000014767b85418 relative=0x0000000000000638
Event: 46.407 Thread 0x000001477882de60 Uncommon trap: reason=bimorphic_or_optimized_type_check action=maybe_recompile pc=0x0000014767b85418 method=java.util.HashMap.removeNode(ILjava/lang/Object;Ljava/lang/Object;ZZ)Ljava/util/HashMap$Node; @ 68 c2
Event: 46.407 Thread 0x000001477882de60 DEOPT PACKING pc=0x0000014767b85418 sp=0x000000274bdfe3c0
Event: 46.407 Thread 0x000001477882de60 DEOPT UNPACKING pc=0x000001476753669d sp=0x000000274bdfe338 mode 2
Event: 46.491 Thread 0x000001477882de60 Uncommon trap: trap_request=0xffffffde fr.pc=0x0000014767b853d0 relative=0x00000000000005f0
Event: 46.500 Thread 0x000001477882de60 Uncommon trap: reason=class_check action=maybe_recompile pc=0x0000014767b853d0 method=java.util.HashMap.removeNode(ILjava/lang/Object;Ljava/lang/Object;ZZ)Ljava/util/HashMap$Node; @ 143 c2
Event: 46.500 Thread 0x000001477882de60 DEOPT PACKING pc=0x0000014767b853d0 sp=0x000000274bdfe600
Event: 46.500 Thread 0x000001477882de60 DEOPT UNPACKING pc=0x000001476753669d sp=0x000000274bdfe578 mode 2
Event: 46.505 Thread 0x000001477882de60 Uncommon trap: trap_request=0xffffffde fr.pc=0x0000014767b853d0 relative=0x00000000000005f0
Event: 46.505 Thread 0x000001477882de60 Uncommon trap: reason=class_check action=maybe_recompile pc=0x0000014767b853d0 method=java.util.HashMap.removeNode(ILjava/lang/Object;Ljava/lang/Object;ZZ)Ljava/util/HashMap$Node; @ 143 c2
Event: 46.505 Thread 0x000001477882de60 DEOPT PACKING pc=0x0000014767b853d0 sp=0x000000274bdfe3c0
Event: 46.505 Thread 0x000001477882de60 DEOPT UNPACKING pc=0x000001476753669d sp=0x000000274bdfe338 mode 2

Classes loaded (20 events):
Event: 33.419 Loading class sun/nio/cs/ISO_8859_1$Encoder
Event: 33.423 Loading class sun/nio/cs/ISO_8859_1$Encoder done
Event: 33.424 Loading class sun/nio/cs/Surrogate$Parser
Event: 33.424 Loading class sun/nio/cs/Surrogate$Parser done
Event: 33.424 Loading class sun/nio/cs/Surrogate
Event: 33.425 Loading class sun/nio/cs/Surrogate done
Event: 39.134 Loading class sun/nio/cs/ISO_8859_1$Decoder
Event: 39.138 Loading class sun/nio/cs/ISO_8859_1$Decoder done
Event: 41.212 Loading class java/lang/invoke/MethodHandleImpl$CountingWrapper$1
Event: 41.215 Loading class java/lang/invoke/MethodHandleImpl$CountingWrapper$1 done
Event: 45.739 Loading class jdk/internal/module/IllegalAccessLogger
Event: 45.739 Loading class jdk/internal/module/IllegalAccessLogger done
Event: 45.778 Loading class java/util/concurrent/ArrayBlockingQueue
Event: 45.779 Loading class java/util/concurrent/ArrayBlockingQueue done
Event: 45.831 Loading class java/util/concurrent/ConcurrentHashMap$KeySpliterator
Event: 45.832 Loading class java/util/concurrent/ConcurrentHashMap$KeySpliterator done
Event: 45.895 Loading class java/nio/channels/Channels$1
Event: 45.895 Loading class java/nio/channels/Channels$1 done
Event: 46.382 Loading class java/util/ArrayDeque$DeqSpliterator
Event: 46.384 Loading class java/util/ArrayDeque$DeqSpliterator done

Classes unloaded (7 events):
Event: 11.152 Thread 0x000001475d3991f0 Unloading class 0x000000010025c000 'java/lang/invoke/LambdaForm$MH+0x000000010025c000'
Event: 11.152 Thread 0x000001475d3991f0 Unloading class 0x000000010025bc00 'java/lang/invoke/LambdaForm$MH+0x000000010025bc00'
Event: 11.152 Thread 0x000001475d3991f0 Unloading class 0x000000010025b800 'java/lang/invoke/LambdaForm$MH+0x000000010025b800'
Event: 11.152 Thread 0x000001475d3991f0 Unloading class 0x000000010025b400 'java/lang/invoke/LambdaForm$MH+0x000000010025b400'
Event: 11.152 Thread 0x000001475d3991f0 Unloading class 0x000000010025b000 'java/lang/invoke/LambdaForm$BMH+0x000000010025b000'
Event: 11.152 Thread 0x000001475d3991f0 Unloading class 0x000000010025ac00 'java/lang/invoke/LambdaForm$DMH+0x000000010025ac00'
Event: 11.152 Thread 0x000001475d3991f0 Unloading class 0x0000000100258400 'java/lang/invoke/LambdaForm$DMH+0x0000000100258400'

Classes redefined (0 events):
No events

Internal exceptions (20 events):
Event: 42.440 Thread 0x0000014777196300 Exception <a 'sun/nio/fs/WindowsException'{0x00000000eb240d98}> (0x00000000eb240d98) 
thrown [s\src\hotspot\share\prims\jni.cpp, line 516]
Event: 42.441 Thread 0x0000014777196300 Exception <a 'sun/nio/fs/WindowsException'{0x00000000eb241640}> (0x00000000eb241640) 
thrown [s\src\hotspot\share\prims\jni.cpp, line 516]
Event: 42.447 Thread 0x0000014777196300 Exception <a 'sun/nio/fs/WindowsException'{0x00000000eb25e738}> (0x00000000eb25e738) 
thrown [s\src\hotspot\share\prims\jni.cpp, line 516]
Event: 42.447 Thread 0x0000014777196300 Exception <a 'sun/nio/fs/WindowsException'{0x00000000eb25f288}> (0x00000000eb25f288) 
thrown [s\src\hotspot\share\prims\jni.cpp, line 516]
Event: 43.330 Thread 0x0000014777196300 Exception <a 'sun/nio/fs/WindowsException'{0x00000000eb9255d0}> (0x00000000eb9255d0) 
thrown [s\src\hotspot\share\prims\jni.cpp, line 516]
Event: 43.330 Thread 0x0000014777196300 Exception <a 'sun/nio/fs/WindowsException'{0x00000000eb925e78}> (0x00000000eb925e78) 
thrown [s\src\hotspot\share\prims\jni.cpp, line 516]
Event: 43.331 Thread 0x0000014777196300 Exception <a 'sun/nio/fs/WindowsException'{0x00000000eb926ed0}> (0x00000000eb926ed0) 
thrown [s\src\hotspot\share\prims\jni.cpp, line 516]
Event: 43.332 Thread 0x0000014777196300 Exception <a 'sun/nio/fs/WindowsException'{0x00000000eb927778}> (0x00000000eb927778) 
thrown [s\src\hotspot\share\prims\jni.cpp, line 516]
Event: 43.333 Thread 0x0000014777196300 Exception <a 'sun/nio/fs/WindowsException'{0x00000000eb9294b0}> (0x00000000eb9294b0) 
thrown [s\src\hotspot\share\prims\jni.cpp, line 516]
Event: 43.333 Thread 0x0000014777196300 Exception <a 'sun/nio/fs/WindowsException'{0x00000000eb929d58}> (0x00000000eb929d58) 
thrown [s\src\hotspot\share\prims\jni.cpp, line 516]
Event: 43.339 Thread 0x0000014777196300 Exception <a 'sun/nio/fs/WindowsException'{0x00000000eb942530}> (0x00000000eb942530) 
thrown [s\src\hotspot\share\prims\jni.cpp, line 516]
Event: 43.339 Thread 0x0000014777196300 Exception <a 'sun/nio/fs/WindowsException'{0x00000000eb943080}> (0x00000000eb943080) 
thrown [s\src\hotspot\share\prims\jni.cpp, line 516]
Event: 44.543 Thread 0x0000014778833e90 Exception <a 'java/lang/NoSuchMethodError'{0x00000000eb3f5660}: 'int java.lang.invoke.DirectMethodHandle$Holder.invokeStatic(java.lang.Object)'> (0x00000000eb3f5660) 
thrown [s\src\hotspot\share\interpreter\linkResolver.cpp, line 759]
Event: 44.678 Thread 0x0000014778833e90 Exception <a 'sun/nio/fs/WindowsException'{0x00000000eb4f7bb0}> (0x00000000eb4f7bb0) 
thrown [s\src\hotspot\share\prims\jni.cpp, line 516]
Event: 44.680 Thread 0x0000014778831100 Exception <a 'sun/nio/fs/WindowsException'{0x00000000eb4f9228}> (0x00000000eb4f9228) 
thrown [s\src\hotspot\share\prims\jni.cpp, line 516]
Event: 44.680 Thread 0x0000014778831100 Exception <a 'sun/nio/fs/WindowsException'{0x00000000eb4f9ee0}> (0x00000000eb4f9ee0) 
thrown [s\src\hotspot\share\prims\jni.cpp, line 516]
Event: 44.690 Thread 0x00000147788306e0 Exception <a 'sun/nio/fs/WindowsException'{0x00000000eb504590}> (0x00000000eb504590) 
thrown [s\src\hotspot\share\prims\jni.cpp, line 516]
Event: 45.836 Thread 0x0000014778833e90 Exception <a 'java/lang/NoSuchMethodError'{0x00000000eb008b78}: 'java.lang.Object java.lang.invoke.DirectMethodHandle$Holder.invokeStatic(java.lang.Object, java.lang.Object, int, int, java.lang.Object)'> (0x00000000eb008b78) 
thrown [s\src\hotspot\share\interpreter\linkResolver.cpp, line 759]
Event: 45.854 Thread 0x0000014778833e90 Exception <a 'java/lang/NoSuchMethodError'{0x00000000eb01d290}: 'java.lang.Object java.lang.invoke.DirectMethodHandle$Holder.newInvokeSpecial(java.lang.Object, java.lang.Object, int, int, java.lang.Object)'> (0x00000000eb01d290) 
thrown [s\src\hotspot\share\interpreter\linkResolver.cpp, line 759]
Event: 46.009 Thread 0x000001477882de60 Exception <a 'java/lang/NoSuchMethodError'{0x00000000eb1baf50}: 'void java.lang.invoke.DirectMethodHandle$Holder.invokeStatic(java.lang.Object, int, java.lang.Object)'> (0x00000000eb1baf50) 
thrown [s\src\hotspot\share\interpreter\linkResolver.cpp, line 759]

VM Operations (20 events):
Event: 41.190 Executing VM operation: ParallelGCFailedAllocation
Event: 41.197 Executing VM operation: ParallelGCFailedAllocation done
Event: 41.774 Executing VM operation: HandshakeAllThreads
Event: 41.800 Executing VM operation: HandshakeAllThreads done
Event: 41.812 Executing VM operation: ParallelGCFailedAllocation
Event: 41.818 Executing VM operation: ParallelGCFailedAllocation done
Event: 42.088 Executing VM operation: ParallelGCFailedAllocation
Event: 42.092 Executing VM operation: ParallelGCFailedAllocation done
Event: 42.462 Executing VM operation: HandshakeAllThreads
Event: 42.462 Executing VM operation: HandshakeAllThreads done
Event: 43.352 Executing VM operation: ParallelGCFailedAllocation
Event: 43.733 Executing VM operation: ParallelGCFailedAllocation done
Event: 44.739 Executing VM operation: Cleanup
Event: 44.740 Executing VM operation: Cleanup done
Event: 45.067 Executing VM operation: ParallelGCFailedAllocation
Event: 45.077 Executing VM operation: ParallelGCFailedAllocation done
Event: 45.583 Executing VM operation: ParallelGCFailedAllocation
Event: 45.592 Executing VM operation: ParallelGCFailedAllocation done
Event: 46.592 Executing VM operation: Cleanup
Event: 47.836 Executing VM operation: Cleanup done

Memory protections (0 events):
No events

Nmethod flushes (20 events):
Event: 35.890 Thread 0x000001477636cdc0 flushing  nmethod 0x000001476106fe10
Event: 35.890 Thread 0x000001477636cdc0 flushing  nmethod 0x0000014761071290
Event: 35.890 Thread 0x000001477636cdc0 flushing  nmethod 0x0000014761082d10
Event: 35.890 Thread 0x000001477636cdc0 flushing  nmethod 0x0000014761083490
Event: 35.890 Thread 0x000001477636cdc0 flushing  nmethod 0x00000147610b4f90
Event: 35.890 Thread 0x000001477636cdc0 flushing  nmethod 0x00000147610c0a90
Event: 35.891 Thread 0x000001477636cdc0 flushing  nmethod 0x00000147610ea810
Event: 35.891 Thread 0x000001477636cdc0 flushing  nmethod 0x0000014761105090
Event: 41.806 Thread 0x000001477636cdc0 flushing  nmethod 0x00000147601e4090
Event: 41.807 Thread 0x000001477636cdc0 flushing  nmethod 0x00000147602f6690
Event: 41.807 Thread 0x000001477636cdc0 flushing  nmethod 0x000001476031fe10
Event: 41.809 Thread 0x000001477636cdc0 flushing  nmethod 0x00000147603eb190
Event: 41.820 Thread 0x000001477636cdc0 flushing  nmethod 0x000001476081c690
Event: 41.822 Thread 0x000001477636cdc0 flushing  nmethod 0x0000014760ab5a10
Event: 41.822 Thread 0x000001477636cdc0 flushing  nmethod 0x0000014760ad7390
Event: 41.825 Thread 0x000001477636cdc0 flushing  nmethod 0x0000014760d32b10
Event: 41.827 Thread 0x000001477636cdc0 flushing  nmethod 0x0000014760f84b90
Event: 41.828 Thread 0x000001477636cdc0 flushing  nmethod 0x0000014760fce810
Event: 41.828 Thread 0x000001477636cdc0 flushing  nmethod 0x0000014761005f10
Event: 41.828 Thread 0x000001477636cdc0 flushing  nmethod 0x0000014761008890

Events (20 events):
Event: 22.663 Thread 0x00000147771958e0 Thread added: 0x0000014778831b20
Event: 22.663 Thread 0x00000147771958e0 Thread added: 0x0000014778833470
Event: 25.391 Thread 0x0000014777193f90 Thread added: 0x0000014778833e90
Event: 25.669 Thread 0x0000014778833e90 Thread added: 0x00000147788343a0
Event: 27.820 Thread 0x0000014777196300 Thread added: 0x000001477882e880
Event: 32.925 Thread 0x000001477882e880 Thread exited: 0x000001477882e880
Event: 36.882 Thread 0x0000014777196300 Thread added: 0x0000014778830bf0
Event: 36.883 Thread 0x0000014777196300 Thread added: 0x0000014778831610
Event: 36.883 Thread 0x0000014777196300 Thread added: 0x000001477882de60
Event: 36.883 Thread 0x0000014777196300 Thread added: 0x000001477882e880
Event: 36.884 Thread 0x0000014777196300 Thread added: 0x0000014777193060
Event: 37.025 Thread 0x00000147788343a0 Thread added: 0x0000014777193a80
Event: 40.229 Thread 0x000001477882de60 Thread exited: 0x000001477882de60
Event: 40.229 Thread 0x0000014778830bf0 Thread exited: 0x0000014778830bf0
Event: 40.229 Thread 0x000001477882e880 Thread exited: 0x000001477882e880
Event: 40.229 Thread 0x0000014778831610 Thread exited: 0x0000014778831610
Event: 40.231 Thread 0x0000014777193060 Thread exited: 0x0000014777193060
Event: 45.780 Thread 0x0000014778833e90 Thread added: 0x000001477882de60
Event: 45.858 Thread 0x0000014778833e90 Thread added: 0x0000014778830bf0
Event: 47.933 Thread 0x0000014778833e90 Thread added: 0x000001477882e880


Dynamic libraries:
0x00007ff639130000 - 0x00007ff63913e000 	c:\Users\Dell\.vscode\extensions\redhat.java-1.38.0-win32-x64\jre\17.0.13-win32-x86_64\bin\java.exe
0x00007ffdd1370000 - 0x00007ffdd1568000 	C:\Windows\SYSTEM32\ntdll.dll
0x00007ffdd1000000 - 0x00007ffdd10c2000 	C:\Windows\System32\KERNEL32.DLL
0x00007ffdceaa0000 - 0x00007ffdced9f000 	C:\Windows\System32\KERNELBASE.dll
0x00007ffdcf050000 - 0x00007ffdcf150000 	C:\Windows\System32\ucrtbase.dll
0x00007ffdc8c30000 - 0x00007ffdc8c47000 	c:\Users\Dell\.vscode\extensions\redhat.java-1.38.0-win32-x64\jre\17.0.13-win32-x86_64\bin\jli.dll
0x00007ffdd0c30000 - 0x00007ffdd0dcd000 	C:\Windows\System32\USER32.dll
0x00007ffdcf180000 - 0x00007ffdcf1a2000 	C:\Windows\System32\win32u.dll
0x00007ffdd10d0000 - 0x00007ffdd10fb000 	C:\Windows\System32\GDI32.dll
0x00007ffdceee0000 - 0x00007ffdceff7000 	C:\Windows\System32\gdi32full.dll
0x00007ffdcea00000 - 0x00007ffdcea9d000 	C:\Windows\System32\msvcp_win.dll
0x00007ffdbfde0000 - 0x00007ffdbfdfe000 	c:\Users\Dell\.vscode\extensions\redhat.java-1.38.0-win32-x64\jre\17.0.13-win32-x86_64\bin\VCRUNTIME140.dll
0x00007ffdb59d0000 - 0x00007ffdb5c6a000 	C:\Windows\WinSxS\amd64_microsoft.windows.common-controls_6595b64144ccf1df_6.0.19041.4355_none_60b8b9eb71f62e16\COMCTL32.dll
0x00007ffdd0e30000 - 0x00007ffdd0ece000 	C:\Windows\System32\msvcrt.dll
0x00007ffdcf380000 - 0x00007ffdcf3af000 	C:\Windows\System32\IMM32.DLL
0x00007ffdc99b0000 - 0x00007ffdc99bc000 	c:\Users\Dell\.vscode\extensions\redhat.java-1.38.0-win32-x64\jre\17.0.13-win32-x86_64\bin\vcruntime140_1.dll
0x00007ffdacc30000 - 0x00007ffdaccbd000 	c:\Users\Dell\.vscode\extensions\redhat.java-1.38.0-win32-x64\jre\17.0.13-win32-x86_64\bin\msvcp140.dll
0x00007ffd70490000 - 0x00007ffd710fb000 	c:\Users\Dell\.vscode\extensions\redhat.java-1.38.0-win32-x64\jre\17.0.13-win32-x86_64\bin\server\jvm.dll
0x00007ffdcfe10000 - 0x00007ffdcfec1000 	C:\Windows\System32\ADVAPI32.dll
0x00007ffdcfed0000 - 0x00007ffdcff6f000 	C:\Windows\System32\sechost.dll
0x00007ffdcf450000 - 0x00007ffdcf573000 	C:\Windows\System32\RPCRT4.dll
0x00007ffdcf150000 - 0x00007ffdcf177000 	C:\Windows\System32\bcrypt.dll
0x00007ffdcff70000 - 0x00007ffdcffdb000 	C:\Windows\System32\WS2_32.dll
0x00007ffdb5940000 - 0x00007ffdb5967000 	C:\Windows\SYSTEM32\WINMM.dll
0x00007ffdc8d40000 - 0x00007ffdc8d4a000 	C:\Windows\SYSTEM32\VERSION.dll
0x00007ffdce7b0000 - 0x00007ffdce7fb000 	C:\Windows\SYSTEM32\POWRPROF.dll
0x00007ffdce790000 - 0x00007ffdce7a2000 	C:\Windows\SYSTEM32\UMPDC.dll
0x00007ffdcd220000 - 0x00007ffdcd232000 	C:\Windows\SYSTEM32\kernel.appcore.dll
0x00007ffdbfdd0000 - 0x00007ffdbfdda000 	c:\Users\Dell\.vscode\extensions\redhat.java-1.38.0-win32-x64\jre\17.0.13-win32-x86_64\bin\jimage.dll
0x00007ffdcc760000 - 0x00007ffdcc944000 	C:\Windows\SYSTEM32\DBGHELP.DLL
0x00007ffdc5fc0000 - 0x00007ffdc5ff4000 	C:\Windows\SYSTEM32\dbgcore.DLL
0x00007ffdceda0000 - 0x00007ffdcee22000 	C:\Windows\System32\bcryptPrimitives.dll
0x00007ffdbf8f0000 - 0x00007ffdbf8fe000 	c:\Users\Dell\.vscode\extensions\redhat.java-1.38.0-win32-x64\jre\17.0.13-win32-x86_64\bin\instrument.dll
0x00007ffdad230000 - 0x00007ffdad255000 	c:\Users\Dell\.vscode\extensions\redhat.java-1.38.0-win32-x64\jre\17.0.13-win32-x86_64\bin\java.dll
0x00007ffdbc860000 - 0x00007ffdbc878000 	c:\Users\Dell\.vscode\extensions\redhat.java-1.38.0-win32-x64\jre\17.0.13-win32-x86_64\bin\zip.dll
0x00007ffdcf6a0000 - 0x00007ffdcfe0e000 	C:\Windows\System32\SHELL32.dll
0x00007ffdcca60000 - 0x00007ffdcd204000 	C:\Windows\SYSTEM32\windows.storage.dll
0x00007ffdd06a0000 - 0x00007ffdd09f5000 	C:\Windows\System32\combase.dll
0x00007ffdce3c0000 - 0x00007ffdce3ef000 	C:\Windows\SYSTEM32\Wldp.dll
0x00007ffdd0a00000 - 0x00007ffdd0acd000 	C:\Windows\System32\OLEAUT32.dll
0x00007ffdd0040000 - 0x00007ffdd00ed000 	C:\Windows\System32\SHCORE.dll
0x00007ffdcffe0000 - 0x00007ffdd0035000 	C:\Windows\System32\shlwapi.dll
0x00007ffdce930000 - 0x00007ffdce954000 	C:\Windows\SYSTEM32\profapi.dll
0x00007ffdbc590000 - 0x00007ffdbc5a9000 	C:\Users\Dell\.vscode\extensions\redhat.java-1.38.0-win32-x64\jre\17.0.13-win32-x86_64\bin\net.dll
0x00007ffdc5c80000 - 0x00007ffdc5d8d000 	C:\Windows\SYSTEM32\WINHTTP.dll
0x00007ffdce0c0000 - 0x00007ffdce12a000 	C:\Windows\system32\mswsock.dll
0x00007ffdbbab0000 - 0x00007ffdbbac6000 	C:\Users\Dell\.vscode\extensions\redhat.java-1.38.0-win32-x64\jre\17.0.13-win32-x86_64\bin\nio.dll
0x00007ffdbf8e0000 - 0x00007ffdbf8f0000 	c:\Users\Dell\.vscode\extensions\redhat.java-1.38.0-win32-x64\jre\17.0.13-win32-x86_64\bin\verify.dll
0x00007ffdacbe0000 - 0x00007ffdacc25000 	C:\Users\Dell\AppData\Roaming\Code\User\globalStorage\redhat.java\1.38.0\config_win\org.eclipse.equinox.launcher\org.eclipse.equinox.launcher.win32.win32.x86_64_1.2.1100.v20240722-2106\eclipse_11904.dll
0x00007ffdd0ed0000 - 0x00007ffdd0ffb000 	C:\Windows\System32\ole32.dll
0x00007ffdce2c0000 - 0x00007ffdce2d8000 	C:\Windows\SYSTEM32\CRYPTSP.dll
0x00007ffdcd9e0000 - 0x00007ffdcda14000 	C:\Windows\system32\rsaenh.dll
0x00007ffdce8b0000 - 0x00007ffdce8de000 	C:\Windows\SYSTEM32\USERENV.dll
0x00007ffdce2b0000 - 0x00007ffdce2bc000 	C:\Windows\SYSTEM32\CRYPTBASE.dll
0x00007ffdcdda0000 - 0x00007ffdcdddb000 	C:\Windows\SYSTEM32\IPHLPAPI.DLL
0x00007ffdcf3b0000 - 0x00007ffdcf3b8000 	C:\Windows\System32\NSI.dll
0x00007ffdc6c00000 - 0x00007ffdc6c17000 	C:\Windows\SYSTEM32\dhcpcsvc6.DLL
0x00007ffdc77f0000 - 0x00007ffdc780d000 	C:\Windows\SYSTEM32\dhcpcsvc.DLL
0x00007ffdcdde0000 - 0x00007ffdcdeaa000 	C:\Windows\SYSTEM32\DNSAPI.dll
0x00007ffd91ed0000 - 0x00007ffd91f19000 	C:\Users\Dell\AppData\Local\Temp\jna-2126305\jna11504987547362016539.dll
0x00007ffdd0690000 - 0x00007ffdd0698000 	C:\Windows\System32\PSAPI.DLL

dbghelp: loaded successfully - version: 4.0.5 - missing functions: none
symbol engine: initialized successfully - sym options: 0x614 - pdb path: .;c:\Users\Dell\.vscode\extensions\redhat.java-1.38.0-win32-x64\jre\17.0.13-win32-x86_64\bin;C:\Windows\SYSTEM32;C:\Windows\WinSxS\amd64_microsoft.windows.common-controls_6595b64144ccf1df_6.0.19041.4355_none_60b8b9eb71f62e16;c:\Users\Dell\.vscode\extensions\redhat.java-1.38.0-win32-x64\jre\17.0.13-win32-x86_64\bin\server;C:\Users\Dell\AppData\Roaming\Code\User\globalStorage\redhat.java\1.38.0\config_win\org.eclipse.equinox.launcher\org.eclipse.equinox.launcher.win32.win32.x86_64_1.2.1100.v20240722-2106;C:\Users\Dell\AppData\Local\Temp\jna-2126305

VM Arguments:
jvm_args: --add-modules=ALL-SYSTEM --add-opens=java.base/java.util=ALL-UNNAMED --add-opens=java.base/java.lang=ALL-UNNAMED --add-opens=java.base/sun.nio.fs=ALL-UNNAMED -Declipse.application=org.eclipse.jdt.ls.core.id1 -Dosgi.bundles.defaultStartLevel=4 -Declipse.product=org.eclipse.jdt.ls.core.product -Djava.import.generatesMetadataFilesAtProjectRoot=false -DDetectVMInstallationsJob.disabled=true -Dfile.encoding=utf8 -XX:+UseParallelGC -XX:GCTimeRatio=4 -XX:AdaptiveSizePolicyWeight=90 -Dsun.zip.disableMemoryMapping=true -Xmx1G -Xms100m -Xlog:disable -javaagent:c:\Users\Dell\.vscode\extensions\redhat.java-1.38.0-win32-x64\lombok\lombok-1.18.34.jar -XX:+HeapDumpOnOutOfMemoryError -XX:HeapDumpPath=c:\Users\Dell\AppData\Roaming\Code\User\workspaceStorage\5fe5e5e7afff64aa8c0ea3124ca2f074\redhat.java -Daether.dependencyCollector.impl=bf 
java_command: c:\Users\Dell\.vscode\extensions\redhat.java-1.38.0-win32-x64\server\plugins\org.eclipse.equinox.launcher_1.6.900.v20240613-2009.jar -configuration c:\Users\Dell\AppData\Roaming\Code\User\globalStorage\redhat.java\1.38.0\config_win -data c:\Users\Dell\AppData\Roaming\Code\User\workspaceStorage\5fe5e5e7afff64aa8c0ea3124ca2f074\redhat.java\jdt_ws --pipe=\\.\pipe\lsp-0aa011ff85ab120a676b4fcf3cdf02a9-sock
java_class_path (initial): c:\Users\Dell\.vscode\extensions\redhat.java-1.38.0-win32-x64\server\plugins\org.eclipse.equinox.launcher_1.6.900.v20240613-2009.jar
Launcher Type: SUN_STANDARD

[Global flags]
    uintx AdaptiveSizePolicyWeight                 = 90                                        {product} {command line}
     intx CICompilerCount                          = 3                                         {product} {ergonomic}
    uintx GCTimeRatio                              = 4                                         {product} {command line}
     bool HeapDumpOnOutOfMemoryError               = true                                   {manageable} {command line}
    ccstr HeapDumpPath                             = c:\Users\Dell\AppData\Roaming\Code\User\workspaceStorage\5fe5e5e7afff64aa8c0ea3124ca2f074\redhat.java         {manageable} {command line}
   size_t InitialHeapSize                          = 104857600                                 {product} {command line}
   size_t MaxHeapSize                              = 1073741824                                {product} {command line}
   size_t MaxNewSize                               = 357564416                                 {product} {ergonomic}
   size_t MinHeapDeltaBytes                        = 524288                                    {product} {ergonomic}
   size_t MinHeapSize                              = 104857600                                 {product} {command line}
   size_t NewSize                                  = 34603008                                  {product} {ergonomic}
    uintx NonNMethodCodeHeapSize                   = 5832780                                {pd product} {ergonomic}
    uintx NonProfiledCodeHeapSize                  = 122912730                              {pd product} {ergonomic}
   size_t OldSize                                  = 70254592                                  {product} {ergonomic}
    uintx ProfiledCodeHeapSize                     = 122912730                              {pd product} {ergonomic}
    uintx ReservedCodeCacheSize                    = 251658240                              {pd product} {ergonomic}
     bool SegmentedCodeCache                       = true                                      {product} {ergonomic}
   size_t SoftMaxHeapSize                          = 1073741824                             {manageable} {ergonomic}
     bool UseCompressedClassPointers               = true                           {product lp64_product} {ergonomic}
     bool UseCompressedOops                        = true                           {product lp64_product} {ergonomic}
     bool UseLargePagesIndividualAllocation        = false                                  {pd product} {ergonomic}
     bool UseParallelGC                            = true                                      {product} {command line}

Logging:
Log output configuration:
 #0: stdout all=off uptime,level,tags
 #1: stderr all=off uptime,level,tags

Environment Variables:
JAVA_HOME=D:\Program Files\Java\jdk-23
PATH=C:\Program Files\Common Files\Oracle\Java\javapath;C:\Windows\system32;C:\Windows;C:\Windows\System32\Wbem;C:\Windows\System32\WindowsPowerShell\v1.0\;C:\Windows\System32\OpenSSH\;D:\Git\cmd;D:\Program Files\MongoDB\mongosh-2.3.7-win32-x64\bin;D:\Program Files\Java\jdk-23\bin;D:\Program Files\nodejs\;C:\Users\Dell\AppData\Local\Microsoft\WindowsApps;D:\Microsoft VS Code\bin;D:\Program Files\IntelliJ IDEA Community Edition 2024.3.1.1\bin;;C:\Users\Dell\AppData\Roaming\npm
USERNAME=Dell
OS=Windows_NT
PROCESSOR_IDENTIFIER=Intel64 Family 6 Model 122 Stepping 8, GenuineIntel
TMP=C:\Users\Dell\AppData\Local\Temp
TEMP=C:\Users\Dell\AppData\Local\Temp



Periodic native trim disabled


---------------  S Y S T E M  ---------------

OS:
 Windows 10 , 64 bit Build 19041 (10.0.19041.5198)
OS uptime: 1 days 0:19 hours

CPU: total 4 (initial active 4) (4 cores per cpu, 1 threads per core) family 6 model 122 stepping 8 microcode 0x24, cx8, cmov, fxsr, mmx, 3dnowpref, sse, sse2, sse3, ssse3, sse4.1, sse4.2, popcnt, tsc, tscinvbit, aes, erms, clmul, sha, clflush, clflushopt
Processor Information for all 4 processors :
  Max Mhz: 1101, Current Mhz: 1101, Mhz Limit: 1101

Memory: 4k page, system-wide physical 3901M (109M free)
TotalPageFile size 15677M (AvailPageFile size 5M)
current process WorkingSet (physical memory assigned to process): 193M, peak: 222M
current process commit charge ("private bytes"): 338M, peak: 344M

vm_info: OpenJDK 64-Bit Server VM (17.0.13+11) for windows-amd64 JRE (17.0.13+11), built on Oct 16 2024 00:10:08 by "admin" with MS VC++ 17.7 (VS2022)

END.
